[INFO] ================ Starting Automation Pipeline Execution Lifecycle RCA_19_2 ================
[INFO] ================ PHASE 0: JIRA INTEGRATION ================
[INFO] Fetching issue HAP-1499 from https://aavaqe.atlassian.net...
[INFO] Successfully fetched description for HAP-1499 (239 chars).
[INFO] Dynamically populated QUERY from Jira HAP-1499 : Implement a Draft feature for articles. Users should be able to save articles as drafts without publishing them.

The API needs a new database field to support this state, and the frontend needs a 'Save as Draft' button on the editor page.
[INFO] ================ PHASE 1: GLOBAL TOPOLOGY GENERATION ================
[INFO] --- [PHASE 1] Processing Repository: react-redux-realworld-example-app (Branch: master) ---
[INFO] Phase 1 - Step 1 [react-redux-realworld-example-app]: Fetching supported languages for repository SCpradhan/react-redux-realworld-example-app...
[INFO] [react-redux-realworld-example-app] Detected languages from GitHub: ['JavaScript', 'HTML']
[INFO] Phase 1 - Step 2 [react-redux-realworld-example-app]: Mapping language signatures to standard target extensions...
[INFO] [react-redux-realworld-example-app] Matched language [JavaScript] -> Registered extensions: ['.js', '.jsx', '.mjs', '.cjs']
[WARNING] [react-redux-realworld-example-app] Language [HTML] not present in standard target table. Discarding.
[INFO] [react-redux-realworld-example-app] Final targeting extension whitelist: ['.js', '.jsx', '.cjs', '.mjs']
[INFO] [react-redux-realworld-example-app] Optimizing context pull: Downloading full repository zip archive...
[INFO] --- Phase 1 - Step 3 [react-redux-realworld-example-app]: Generating Language-Aware Intra-Repo Dependency Tree (Whitelisted Extensions Only) ---
[INFO]   [Whitelisted File Context] src/agent.js ──► Links: ['src/components/Article/Comment.js', 'src/components/Login.js', 'src/components/Profile.js', 'src/components/Register.js', 'src/reducers/profile.js', 'src/reducers/article.js']
[INFO]   [Whitelisted File Context] src/components/App.js ──► Links: ['src/reducers/settings.js', '../components/ProfileFavorites', './Header', 'src/reducers/editor.js', '../constants/actionTypes', '../components/Login', '../components/Register', 'src/store.js', 'src/components/Editor.js', '../components/Article', '../components/Profile', 'src/agent.js', 'src/components/Settings.js', 'src/reducers/article.js', 'src/components/Header.js', 'src/components/Login.js', '../components/Settings', '../agent', 'src/constants/actionTypes.js', 'src/components/Register.js', 'src/components/ProfileFavorites.js', '../store', 'src/reducers/profile.js', 'src/reducers/common.js', '../components/Editor', 'src/components/Profile.js', '../components/Home']
[INFO]   [Whitelisted File Context] src/components/Article/ArticleActions.js ──► Links: ['src/components/Editor.js', 'src/constants/actionTypes.js', 'src/reducers/editor.js', '../../constants/actionTypes', 'src/agent.js', 'src/reducers/article.js', '../../agent']
[INFO]   [Whitelisted File Context] src/components/Article/ArticleMeta.js ──► Links: ['./ArticleActions', 'src/reducers/article.js', 'src/components/Article/ArticleActions.js']
[INFO]   [Whitelisted File Context] src/components/Article/Comment.js ──► Links: ['./DeleteButton', 'src/components/Article/DeleteButton.js']
[INFO]   [Whitelisted File Context] src/components/Article/CommentContainer.js ──► Links: ['src/components/Article/Comment.js', 'src/components/Login.js', 'src/components/Article/CommentList.js', 'src/components/Article/CommentInput.js', './CommentInput', 'src/components/Register.js', 'src/reducers/article.js', './CommentList']
[INFO]   [Whitelisted File Context] src/components/Article/CommentInput.js ──► Links: ['src/components/Article/Comment.js', 'src/constants/actionTypes.js', '../../constants/actionTypes', 'src/agent.js', '../../agent']
[INFO]   [Whitelisted File Context] src/components/Article/CommentList.js ──► Links: ['./Comment', 'src/components/Article/Comment.js']
[INFO]   [Whitelisted File Context] src/components/Article/DeleteButton.js ──► Links: ['src/components/Article/Comment.js', 'src/constants/actionTypes.js', '../../constants/actionTypes', 'src/agent.js', '../../agent']
[INFO]   [Whitelisted File Context] src/components/Article/index.js ──► Links: ['./ArticleMeta', 'src/reducers/common.js', 'src/components/Article/CommentContainer.js', 'src/components/Article/Comment.js', 'src/components/Article/ArticleMeta.js', 'src/components/Home/Banner.js', 'src/constants/actionTypes.js', '../../constants/actionTypes', './CommentContainer', 'src/agent.js', 'src/reducers/article.js', '../../agent']
[INFO]   [Whitelisted File Context] src/components/ArticleList.js ──► Links: ['src/components/ArticlePreview.js', 'src/components/ListPagination.js', './ListPagination', './ArticlePreview', 'src/reducers/article.js', 'src/reducers/articleList.js']
[INFO]   [Whitelisted File Context] src/components/ArticlePreview.js ──► Links: ['../agent', 'src/constants/actionTypes.js', '../constants/actionTypes', 'src/agent.js', 'src/reducers/article.js']
[INFO]   [Whitelisted File Context] src/components/Editor.js ──► Links: ['../agent', './ListErrors', 'src/constants/actionTypes.js', 'src/reducers/editor.js', '../constants/actionTypes', 'src/components/ListErrors.js', 'src/agent.js', 'src/reducers/article.js']
[INFO]   [Whitelisted File Context] src/components/Header.js ──► Links: ['src/reducers/settings.js', 'src/components/Editor.js', 'src/components/Login.js', 'src/reducers/editor.js', 'src/components/Register.js', 'src/components/Settings.js']
[INFO]   [Whitelisted File Context] src/components/Home/MainView.js ──► Links: ['src/reducers/common.js', '../ArticleList', 'src/constants/actionTypes.js', '../../constants/actionTypes', 'src/components/ArticleList.js', 'src/agent.js', 'src/reducers/article.js', '../../agent', 'src/reducers/articleList.js']
[INFO]   [Whitelisted File Context] src/components/Home/Tags.js ──► Links: ['src/agent.js', 'src/reducers/article.js', '../../agent']
[INFO]   [Whitelisted File Context] src/components/Home/index.js ──► Links: ['src/reducers/common.js', 'src/components/Home/MainView.js', './Banner', 'src/components/Home/Banner.js', './Tags', 'src/constants/actionTypes.js', '../../constants/actionTypes', './MainView', 'src/agent.js', 'src/reducers/article.js', '../../agent']
[INFO]   [Whitelisted File Context] src/components/ListPagination.js ──► Links: ['../agent', 'src/constants/actionTypes.js', '../constants/actionTypes', 'src/agent.js', 'src/reducers/article.js']
[INFO]   [Whitelisted File Context] src/components/Login.js ──► Links: ['../agent', './ListErrors', 'src/constants/actionTypes.js', '../constants/actionTypes', 'src/components/ListErrors.js', 'src/components/Register.js', 'src/agent.js']
[INFO]   [Whitelisted File Context] src/components/Profile.js ──► Links: ['src/reducers/common.js', 'src/reducers/settings.js', 'src/reducers/article.js', './ArticleList', '../agent', 'src/constants/actionTypes.js', '../constants/actionTypes', 'src/reducers/profile.js', 'src/components/ArticleList.js', 'src/agent.js', 'src/components/Settings.js', 'src/reducers/articleList.js']
[INFO]   [Whitelisted File Context] src/components/ProfileFavorites.js ──► Links: ['src/components/Profile.js', '../agent', 'src/constants/actionTypes.js', '../constants/actionTypes', 'src/reducers/profile.js', 'src/agent.js', 'src/reducers/article.js', './Profile']
[INFO]   [Whitelisted File Context] src/components/Register.js ──► Links: ['src/components/Login.js', '../agent', './ListErrors', 'src/constants/actionTypes.js', '../constants/actionTypes', 'src/components/ListErrors.js', 'src/agent.js']
[INFO]   [Whitelisted File Context] src/components/Settings.js ──► Links: ['src/reducers/common.js', 'src/reducers/settings.js', 'src/components/Profile.js', '../agent', './ListErrors', 'src/constants/actionTypes.js', '../constants/actionTypes', 'src/components/ListErrors.js', 'src/agent.js', 'src/reducers/profile.js']
[INFO]   [Whitelisted File Context] src/constants/actionTypes.js ──► Links: ['src/components/Article/Comment.js', 'src/reducers/settings.js', 'src/components/Editor.js', 'src/components/Login.js', 'src/reducers/article.js', 'src/components/Profile.js', 'src/reducers/editor.js', 'src/components/Register.js', 'src/reducers/profile.js', 'src/components/Settings.js']
[INFO]   [Whitelisted File Context] src/index.js ──► Links: ['./components/App', 'src/store.js', './store']
[INFO]   [Whitelisted File Context] src/middleware.js ──► Links: ['src/store.js', 'src/components/Login.js', './constants/actionTypes', 'src/constants/actionTypes.js', 'src/components/Register.js', './agent', 'src/agent.js']
[INFO]   [Whitelisted File Context] src/reducer.js ──► Links: ['./reducers/profile', 'src/reducers/settings.js', './reducers/editor', './reducers/auth', 'src/reducers/editor.js', './reducers/home', './reducers/article', 'src/components/Editor.js', 'src/reducers/article.js', 'src/components/Settings.js', 'src/reducers/articleList.js', './reducers/common', 'src/components/ArticleList.js', './reducers/articleList', 'src/reducers/profile.js', 'src/reducers/common.js', 'src/components/Profile.js', './reducers/settings']
[INFO]   [Whitelisted File Context] src/reducers/article.js ──► Links: ['src/constants/actionTypes.js', 'src/components/Article/Comment.js', '../constants/actionTypes']
[INFO]   [Whitelisted File Context] src/reducers/articleList.js ──► Links: ['src/components/Profile.js', 'src/constants/actionTypes.js', 'src/reducers/profile.js', '../constants/actionTypes', 'src/reducers/article.js']
[INFO]   [Whitelisted File Context] src/reducers/auth.js ──► Links: ['src/components/Login.js', 'src/constants/actionTypes.js', '../constants/actionTypes', 'src/components/Register.js']
[INFO]   [Whitelisted File Context] src/reducers/common.js ──► Links: ['src/reducers/settings.js', 'src/components/Editor.js', 'src/components/Login.js', 'src/reducers/article.js', 'src/components/Profile.js', 'src/constants/actionTypes.js', 'src/reducers/editor.js', 'src/components/Register.js', '../constants/actionTypes', 'src/reducers/profile.js', 'src/components/Settings.js']
[INFO]   [Whitelisted File Context] src/reducers/editor.js ──► Links: ['src/constants/actionTypes.js', 'src/reducers/article.js', '../constants/actionTypes', 'src/components/Editor.js']
[INFO]   [Whitelisted File Context] src/reducers/home.js ──► Links: ['src/constants/actionTypes.js', '../constants/actionTypes']
[INFO]   [Whitelisted File Context] src/reducers/profile.js ──► Links: ['src/constants/actionTypes.js', 'src/components/Profile.js', '../constants/actionTypes']
[INFO]   [Whitelisted File Context] src/reducers/settings.js ──► Links: ['src/constants/actionTypes.js', 'src/components/Settings.js', '../constants/actionTypes']
[INFO]   [Whitelisted File Context] src/store.js ──► Links: ['./middleware', 'src/reducer.js', 'src/middleware.js', 'history/createBrowserHistory', 'redux-devtools-extension/developmentOnly', './reducer']
[INFO] SUCCESS: Exported Whitelisted Intra-Repo dependency map to: C:\Users\sushree.pradhan\OneDrive - ascendion\AAVA\code gen\rca\v16\intra_repo_dep_tree_react-redux-realworld-example-app.json
[INFO] --- [PHASE 1] Processing Repository: node-express-realworld-example-app (Branch: master) ---
[INFO] Phase 1 - Step 1 [node-express-realworld-example-app]: Fetching supported languages for repository SCpradhan/node-express-realworld-example-app...
[INFO] [node-express-realworld-example-app] Detected languages from GitHub: ['TypeScript', 'Dockerfile', 'JavaScript']
[INFO] Phase 1 - Step 2 [node-express-realworld-example-app]: Mapping language signatures to standard target extensions...
[INFO] [node-express-realworld-example-app] Matched language [TypeScript] -> Registered extensions: ['.ts', '.tsx']
[WARNING] [node-express-realworld-example-app] Language [Dockerfile] not present in standard target table. Discarding.
[INFO] [node-express-realworld-example-app] Matched language [JavaScript] -> Registered extensions: ['.js', '.jsx', '.mjs', '.cjs']
[INFO] [node-express-realworld-example-app] Final targeting extension whitelist: ['.js', '.ts', '.tsx', '.mjs', '.jsx', '.cjs']
[INFO] [node-express-realworld-example-app] Optimizing context pull: Downloading full repository zip archive...
[INFO] --- Phase 1 - Step 3 [node-express-realworld-example-app]: Generating Language-Aware Intra-Repo Dependency Tree (Whitelisted Extensions Only) ---
[INFO]   [Whitelisted File Context] e2e/jest.config.ts ──► Links: ['e2e/src/support/global-teardown.ts', 'e2e/src/support/global-setup.ts', 'e2e/src/support/test-setup.ts']
[INFO]   [Whitelisted File Context] src/app/routes/article/article.controller.ts ──► Links: ['src/app/routes/article/comment.model.ts', 'src/app/routes/article/article.mapper.ts', 'src/app/routes/article/article.service.ts', 'src/tests/services/article.service.test.ts', 'src/app/routes/article/author.mapper.ts', './article.service', '../auth/auth', 'src/app/routes/article/article.model.ts']
[INFO]   [Whitelisted File Context] src/app/routes/article/article.mapper.ts ──► Links: ['src/app/routes/article/article.controller.ts', './author.mapper', 'src/app/routes/article/article.service.ts', 'src/app/routes/article/author.mapper.ts', 'src/tests/services/article.service.test.ts', 'src/app/routes/article/article.model.ts']
[INFO]   [Whitelisted File Context] src/app/routes/article/article.model.ts ──► Links: ['src/app/routes/article/article.mapper.ts', 'src/app/routes/article/article.controller.ts', 'src/app/routes/article/article.service.ts', './comment.model', 'src/tests/services/article.service.test.ts', 'src/app/routes/article/comment.model.ts']
[INFO]   [Whitelisted File Context] src/app/routes/article/article.service.ts ──► Links: ['src/app/routes/profile/profile.service.ts', 'src/app/routes/profile/profile.utils.ts', './article.mapper', 'src/app/routes/article/article.controller.ts', 'src/app/routes/profile/profile.controller.ts', '../profile/profile.utils', 'src/tests/utils/profile.utils.test.ts', 'src/app/routes/article/article.model.ts', '../../models/http-exception.model', 'src/app/routes/article/article.mapper.ts', 'src/app/routes/profile/profile.model.ts', 'src/app/routes/article/author.mapper.ts', 'src/app/models/http-exception.model.ts', 'src/app/routes/article/comment.model.ts', '../../../prisma/prisma-client', 'src/prisma/prisma-client.ts', 'src/tests/services/article.service.test.ts', 'src/tests/services/profile.service.test.ts', '../tag/tag.model']
[INFO]   [Whitelisted File Context] src/app/routes/article/author.mapper.ts ──► Links: ['../auth/user.model']
[INFO]   [Whitelisted File Context] src/app/routes/article/comment.model.ts ──► Links: ['src/app/routes/article/article.mapper.ts', './article.model', 'src/app/routes/article/article.controller.ts', 'src/app/routes/article/article.service.ts', 'src/tests/services/article.service.test.ts', 'src/app/routes/article/article.model.ts']
[INFO]   [Whitelisted File Context] src/app/routes/auth/auth.controller.ts ──► Links: ['./auth', './auth.service']
[INFO]   [Whitelisted File Context] src/app/routes/auth/auth.service.ts ──► Links: ['src/app/routes/auth/register-input.model.ts', '../../../prisma/prisma-client', '../../models/http-exception.model', 'src/app/routes/auth/registered-user.model.ts', 'src/app/routes/auth/token.utils.ts', 'src/prisma/prisma-client.ts', './token.utils', './register-input.model', 'src/app/models/http-exception.model.ts', './user.model', './registered-user.model']
[INFO]   [Whitelisted File Context] src/app/routes/auth/auth.ts ──► Links: ['src/app/routes/auth/token.utils.ts', 'src/app/routes/article/author.mapper.ts']
[INFO]   [Whitelisted File Context] src/app/routes/auth/registered-user.model.ts ──► Links: ['src/app/routes/auth/token.utils.ts']
[INFO]   [Whitelisted File Context] src/app/routes/auth/user.model.ts ──► Links: ['src/app/routes/article/comment.model.ts', '../article/article.model', 'src/app/routes/article/article.mapper.ts', 'src/app/routes/article/article.controller.ts', 'src/app/routes/article/article.service.ts', '../article/comment.model', 'src/tests/services/article.service.test.ts', 'src/app/routes/article/article.model.ts']
[INFO]   [Whitelisted File Context] src/app/routes/profile/profile.controller.ts ──► Links: ['src/app/routes/profile/profile.service.ts', 'src/tests/utils/profile.utils.test.ts', 'src/app/routes/profile/profile.utils.ts', 'src/app/routes/profile/profile.model.ts', 'src/tests/services/profile.service.test.ts', './profile.service', '../auth/auth']
[INFO]   [Whitelisted File Context] src/app/routes/profile/profile.model.ts ──► Links: ['src/app/routes/profile/profile.service.ts', 'src/tests/utils/profile.utils.test.ts', 'src/app/routes/profile/profile.utils.ts', 'src/tests/services/profile.service.test.ts', 'src/app/routes/profile/profile.controller.ts']
[INFO]   [Whitelisted File Context] src/app/routes/profile/profile.service.ts ──► Links: ['src/tests/utils/profile.utils.test.ts', 'src/app/routes/profile/profile.utils.ts', '../../../prisma/prisma-client', '../../models/http-exception.model', 'src/app/routes/profile/profile.model.ts', 'src/prisma/prisma-client.ts', 'src/app/models/http-exception.model.ts', 'src/tests/services/profile.service.test.ts', 'src/app/routes/profile/profile.controller.ts', './profile.utils']
[INFO]   [Whitelisted File Context] src/app/routes/profile/profile.utils.ts ──► Links: ['src/app/routes/profile/profile.service.ts', 'src/tests/utils/profile.utils.test.ts', 'src/app/routes/profile/profile.model.ts', '../auth/user.model', './profile.model', 'src/tests/services/profile.service.test.ts', 'src/app/routes/profile/profile.controller.ts']
[INFO]   [Whitelisted File Context] src/app/routes/routes.ts ──► Links: ['src/app/routes/profile/profile.service.ts', 'src/tests/utils/profile.utils.test.ts', 'src/app/routes/profile/profile.utils.ts', './auth/auth.controller', 'src/app/routes/article/article.mapper.ts', 'src/app/routes/article/article.controller.ts', 'src/app/routes/profile/profile.controller.ts', 'src/app/routes/profile/profile.model.ts', 'src/app/routes/article/article.service.ts', './profile/profile.controller', 'src/tests/services/article.service.test.ts', 'src/tests/services/profile.service.test.ts', './article/article.controller', './tag/tag.controller', 'src/app/routes/article/article.model.ts']
[INFO]   [Whitelisted File Context] src/app/routes/tag/tag.controller.ts ──► Links: ['./tag.service', '../auth/auth']
[INFO]   [Whitelisted File Context] src/app/routes/tag/tag.service.ts ──► Links: ['./tag.model', '../../../prisma/prisma-client', 'src/app/routes/article/article.mapper.ts', 'src/app/routes/article/article.controller.ts', 'src/app/routes/article/article.service.ts', 'src/prisma/prisma-client.ts', 'src/app/routes/article/author.mapper.ts', 'src/tests/services/article.service.test.ts', 'src/app/routes/article/article.model.ts']
[INFO]   [Whitelisted File Context] src/main.ts ──► Links: ['./app/routes/routes', 'src/app/routes/routes.ts', './app/models/http-exception.model', 'src/app/routes/article/author.mapper.ts', 'src/app/models/http-exception.model.ts', 'e2e/src/server/server.spec.ts']
[INFO]   [Whitelisted File Context] src/prisma/prisma-client.ts ──► Links: ['@prisma/client']
[INFO]   [Whitelisted File Context] src/prisma/seed.ts ──► Links: ['src/app/routes/article/comment.model.ts', '@prisma/client', '../app/routes/article/article.service', 'src/app/routes/article/article.controller.ts', 'src/app/routes/article/article.mapper.ts', 'src/app/routes/routes.ts', 'src/app/routes/article/article.service.ts', 'src/app/routes/auth/registered-user.model.ts', '../app/routes/auth/registered-user.model', 'src/tests/services/article.service.test.ts', '@ngneat/falso', '../app/routes/auth/auth.service', 'src/app/routes/article/article.model.ts']
[INFO]   [Whitelisted File Context] src/tests/prisma-mock.ts ──► Links: ['src/prisma/prisma-client.ts', '@prisma/client', '../prisma/prisma-client']
[INFO]   [Whitelisted File Context] src/tests/services/article.service.test.ts ──► Links: ['src/app/routes/article/comment.model.ts', 'src/app/routes/article/article.mapper.ts', 'src/app/routes/article/article.controller.ts', 'src/app/routes/routes.ts', '../prisma-mock', 'src/app/routes/article/article.service.ts', 'src/app/routes/auth/token.utils.ts', '../../app/routes/article/article.service', 'src/app/routes/article/author.mapper.ts', 'src/tests/prisma-mock.ts', 'src/app/routes/article/article.model.ts']
[INFO]   [Whitelisted File Context] src/tests/services/auth.service.test.ts ──► Links: ['src/app/routes/routes.ts', '../prisma-mock', '../../app/routes/auth/auth.service', 'src/app/routes/auth/token.utils.ts', 'src/tests/prisma-mock.ts']
[INFO]   [Whitelisted File Context] src/tests/services/profile.service.test.ts ──► Links: ['src/app/routes/profile/profile.service.ts', 'src/tests/utils/profile.utils.test.ts', 'src/app/routes/profile/profile.utils.ts', 'src/app/routes/profile/profile.model.ts', 'src/app/routes/routes.ts', '../prisma-mock', 'src/app/routes/auth/token.utils.ts', '../../app/routes/profile/profile.service', 'src/tests/prisma-mock.ts', 'src/app/routes/profile/profile.controller.ts']
[INFO]   [Whitelisted File Context] src/tests/utils/profile.utils.test.ts ──► Links: ['src/app/routes/profile/profile.service.ts', 'src/app/routes/profile/profile.utils.ts', '../../app/routes/profile/profile.utils', 'src/app/routes/profile/profile.model.ts', 'src/app/routes/routes.ts', 'src/tests/services/profile.service.test.ts', 'src/app/routes/profile/profile.controller.ts']
[INFO] SUCCESS: Exported Whitelisted Intra-Repo dependency map to: C:\Users\sushree.pradhan\OneDrive - ascendion\AAVA\code gen\rca\v16\intra_repo_dep_tree_node-express-realworld-example-app.json
[INFO] 
---Phase 1 - Step 4 ====== Generating Global Cross-Repo Dependency Tree ================
[INFO] [Repository Axis] react-redux-realworld-example-app ──► References Workspace Targets: []
[INFO] [Repository Axis] node-express-realworld-example-app ──► References Workspace Targets: []
[INFO] SUCCESS: Exported Inter-Repo topology tracking map to: C:\Users\sushree.pradhan\OneDrive - ascendion\AAVA\code gen\rca\v16\inter_repo_dep_tree.json
[INFO] ================ PHASE 2: SEARCH, EXPAND & EXTRACT ================
[INFO] --- [PHASE 2] Processing Repository: react-redux-realworld-example-app (Branch: master) ---
[INFO] Phase 2 - Step 1 [react-redux-realworld-example-app]: Sending request to AAVA Search Endpoint (Attempt 1/3)...
[INFO] [react-redux-realworld-example-app] Successfully retrieved structural payload with 40 records from search.
[INFO] Phase 2 - Step 2 [react-redux-realworld-example-app]: Evaluating structural records against similarity boundaries (>= 0.01)...
[INFO] [react-redux-realworld-example-app] Accepted path [Similarity: 10.0313]: src/reducers/editor.js
[INFO] [react-redux-realworld-example-app] Accepted path [Similarity: 10.0191]: src/components/Editor.js
[INFO] [react-redux-realworld-example-app] Accepted path [Similarity: 10.0075]: src/components/ArticlePreview.js
[INFO] [react-redux-realworld-example-app] Accepted path [Similarity: 10.0015]: src/components/Article/index.js
[INFO] [react-redux-realworld-example-app] Accepted path [Similarity: 9.9854]: src/components/Article/ArticleMeta.js
[INFO] [react-redux-realworld-example-app] Accepted path [Similarity: 9.9765]: src/components/Home/MainView.js
[INFO] [react-redux-realworld-example-app] Accepted path [Similarity: 0.0295]: src/components/Home/index.js
[INFO] [react-redux-realworld-example-app] Accepted path [Similarity: 0.0278]: src/reducers/articleList.js
[INFO] [react-redux-realworld-example-app] Accepted path [Similarity: 0.0277]: src/components/Article/ArticleActions.js
[INFO] [react-redux-realworld-example-app] Accepted path [Similarity: 0.0275]: src/components/Profile.js
[INFO] [react-redux-realworld-example-app] Accepted path [Similarity: 0.0274]: src/constants/actionTypes.js
[INFO] [react-redux-realworld-example-app] Accepted path [Similarity: 0.0270]: src/reducers/common.js
[INFO] [react-redux-realworld-example-app] Accepted path [Similarity: 0.0268]: src/components/ProfileFavorites.js
[INFO] [react-redux-realworld-example-app] Accepted path [Similarity: 0.0265]: src/reducers/settings.js
[INFO] [react-redux-realworld-example-app] Accepted path [Similarity: 0.0252]: src/components/Home/Tags.js
[INFO] [react-redux-realworld-example-app] Accepted path [Similarity: 0.0249]: src/reducer.js
[INFO] [react-redux-realworld-example-app] Accepted path [Similarity: 0.0246]: src/reducers/auth.js
[INFO] [react-redux-realworld-example-app] Accepted path [Similarity: 0.0245]: src/components/ArticleList.js
[INFO] [react-redux-realworld-example-app] Accepted path [Similarity: 0.0240]: src/reducers/article.js
[INFO] [react-redux-realworld-example-app] Accepted path [Similarity: 0.0238]: src/components/Settings.js
[INFO] [react-redux-realworld-example-app] Accepted path [Similarity: 0.0231]: src/components/ListPagination.js
[INFO] [react-redux-realworld-example-app] Accepted path [Similarity: 0.0227]: src/components/Register.js
[INFO] [react-redux-realworld-example-app] Extracted 22 completely unique candidate filepath locations.
[INFO] Phase 2 - Step 3 [react-redux-realworld-example-app]: Filtering paths matching targeting extension whitelist...
[INFO] [react-redux-realworld-example-app] Retained path allocation target matching runtime criteria: [src/reducers/editor.js]
[INFO] [react-redux-realworld-example-app] Retained path allocation target matching runtime criteria: [src/components/Editor.js]
[INFO] [react-redux-realworld-example-app] Retained path allocation target matching runtime criteria: [src/components/ArticlePreview.js]
[INFO] [react-redux-realworld-example-app] Retained path allocation target matching runtime criteria: [src/components/Article/index.js]
[INFO] [react-redux-realworld-example-app] Retained path allocation target matching runtime criteria: [src/components/Article/ArticleMeta.js]
[INFO] [react-redux-realworld-example-app] Retained path allocation target matching runtime criteria: [src/components/Home/MainView.js]
[INFO] [react-redux-realworld-example-app] Retained path allocation target matching runtime criteria: [src/components/Home/index.js]
[INFO] [react-redux-realworld-example-app] Retained path allocation target matching runtime criteria: [src/reducers/articleList.js]
[INFO] [react-redux-realworld-example-app] Retained path allocation target matching runtime criteria: [src/components/Article/ArticleActions.js]
[INFO] [react-redux-realworld-example-app] Retained path allocation target matching runtime criteria: [src/components/Profile.js]
[INFO] [react-redux-realworld-example-app] Retained path allocation target matching runtime criteria: [src/constants/actionTypes.js]
[INFO] [react-redux-realworld-example-app] Retained path allocation target matching runtime criteria: [src/reducers/common.js]
[INFO] [react-redux-realworld-example-app] Retained path allocation target matching runtime criteria: [src/components/ProfileFavorites.js]
[INFO] [react-redux-realworld-example-app] Retained path allocation target matching runtime criteria: [src/reducers/settings.js]
[INFO] [react-redux-realworld-example-app] Retained path allocation target matching runtime criteria: [src/components/Home/Tags.js]
[INFO] [react-redux-realworld-example-app] Retained path allocation target matching runtime criteria: [src/reducer.js]
[INFO] [react-redux-realworld-example-app] Retained path allocation target matching runtime criteria: [src/reducers/auth.js]
[INFO] [react-redux-realworld-example-app] Retained path allocation target matching runtime criteria: [src/components/ArticleList.js]
[INFO] [react-redux-realworld-example-app] Retained path allocation target matching runtime criteria: [src/reducers/article.js]
[INFO] [react-redux-realworld-example-app] Retained path allocation target matching runtime criteria: [src/components/Settings.js]
[INFO] [react-redux-realworld-example-app] Retained path allocation target matching runtime criteria: [src/components/ListPagination.js]
[INFO] [react-redux-realworld-example-app] Retained path allocation target matching runtime criteria: [src/components/Register.js]
[INFO] Phase 2 - Step 3 Completed [react-redux-realworld-example-app]: Consolidated 22 paths for source code payload downstream consumption.
[INFO] --- Phase 2 - Step 4 [Expansion]: Looking up dependencies for 'react-redux-realworld-example-app' ---
[INFO] [react-redux-realworld-example-app] Expanding [src/reducers/editor.js] with 4 intra-repo dependencies.
[INFO] [react-redux-realworld-example-app] Expanding [src/components/Editor.js] with 8 intra-repo dependencies.
[INFO] [react-redux-realworld-example-app] Expanding [src/components/ArticlePreview.js] with 5 intra-repo dependencies.
[INFO] [react-redux-realworld-example-app] Expanding [src/components/Article/index.js] with 12 intra-repo dependencies.
[INFO] [react-redux-realworld-example-app] Expanding [src/components/Article/ArticleMeta.js] with 3 intra-repo dependencies.
[INFO] [react-redux-realworld-example-app] Expanding [src/components/Home/MainView.js] with 9 intra-repo dependencies.
[INFO] [react-redux-realworld-example-app] Expanding [src/components/Home/index.js] with 11 intra-repo dependencies.
[INFO] [react-redux-realworld-example-app] Expanding [src/reducers/articleList.js] with 5 intra-repo dependencies.
[INFO] [react-redux-realworld-example-app] Expanding [src/components/Article/ArticleActions.js] with 7 intra-repo dependencies.
[INFO] [react-redux-realworld-example-app] Expanding [src/components/Profile.js] with 12 intra-repo dependencies.
[INFO] [react-redux-realworld-example-app] Expanding [src/constants/actionTypes.js] with 10 intra-repo dependencies.
[INFO] [react-redux-realworld-example-app] Expanding [src/reducers/common.js] with 11 intra-repo dependencies.
[INFO] [react-redux-realworld-example-app] Expanding [src/components/ProfileFavorites.js] with 8 intra-repo dependencies.
[INFO] [react-redux-realworld-example-app] Expanding [src/reducers/settings.js] with 3 intra-repo dependencies.
[INFO] [react-redux-realworld-example-app] Expanding [src/components/Home/Tags.js] with 3 intra-repo dependencies.
[INFO] [react-redux-realworld-example-app] Expanding [src/reducer.js] with 18 intra-repo dependencies.
[INFO] [react-redux-realworld-example-app] Expanding [src/reducers/auth.js] with 4 intra-repo dependencies.
[INFO] [react-redux-realworld-example-app] Expanding [src/components/ArticleList.js] with 6 intra-repo dependencies.
[INFO] [react-redux-realworld-example-app] Expanding [src/reducers/article.js] with 3 intra-repo dependencies.
[INFO] [react-redux-realworld-example-app] Expanding [src/components/Settings.js] with 10 intra-repo dependencies.
[INFO] [react-redux-realworld-example-app] Expanding [src/components/ListPagination.js] with 5 intra-repo dependencies.
[INFO] [react-redux-realworld-example-app] Expanding [src/components/Register.js] with 7 intra-repo dependencies.
[INFO] [react-redux-realworld-example-app] Final expanded file count to fetch: 53 (Original Search matches: 22)
[INFO] Phase 2 - Step 5 [react-redux-realworld-example-app]: Beginning local extraction of source file content payloads from memory zip cache...
[INFO] [react-redux-realworld-example-app] Extracting cached content payload context for artifact: [src/reducers/editor.js]
[INFO] [react-redux-realworld-example-app] Successfully tracked code profile mapping dictionary entry for artifact path: [src/reducers/editor.js]
[INFO] [react-redux-realworld-example-app] Extracting cached content payload context for artifact: [src/components/Editor.js]
[INFO] [react-redux-realworld-example-app] Successfully tracked code profile mapping dictionary entry for artifact path: [src/components/Editor.js]
[INFO] [react-redux-realworld-example-app] Extracting cached content payload context for artifact: [src/components/ArticlePreview.js]
[INFO] [react-redux-realworld-example-app] Successfully tracked code profile mapping dictionary entry for artifact path: [src/components/ArticlePreview.js]
[INFO] [react-redux-realworld-example-app] Extracting cached content payload context for artifact: [src/components/Article/index.js]
[INFO] [react-redux-realworld-example-app] Successfully tracked code profile mapping dictionary entry for artifact path: [src/components/Article/index.js]
[INFO] [react-redux-realworld-example-app] Extracting cached content payload context for artifact: [src/components/Article/ArticleMeta.js]
[INFO] [react-redux-realworld-example-app] Successfully tracked code profile mapping dictionary entry for artifact path: [src/components/Article/ArticleMeta.js]
[INFO] [react-redux-realworld-example-app] Extracting cached content payload context for artifact: [src/components/Home/MainView.js]
[INFO] [react-redux-realworld-example-app] Successfully tracked code profile mapping dictionary entry for artifact path: [src/components/Home/MainView.js]
[INFO] [react-redux-realworld-example-app] Extracting cached content payload context for artifact: [src/components/Home/index.js]
[INFO] [react-redux-realworld-example-app] Successfully tracked code profile mapping dictionary entry for artifact path: [src/components/Home/index.js]
[INFO] [react-redux-realworld-example-app] Extracting cached content payload context for artifact: [src/reducers/articleList.js]
[INFO] [react-redux-realworld-example-app] Successfully tracked code profile mapping dictionary entry for artifact path: [src/reducers/articleList.js]
[INFO] [react-redux-realworld-example-app] Extracting cached content payload context for artifact: [src/components/Article/ArticleActions.js]
[INFO] [react-redux-realworld-example-app] Successfully tracked code profile mapping dictionary entry for artifact path: [src/components/Article/ArticleActions.js]
[INFO] [react-redux-realworld-example-app] Extracting cached content payload context for artifact: [src/components/Profile.js]
[INFO] [react-redux-realworld-example-app] Successfully tracked code profile mapping dictionary entry for artifact path: [src/components/Profile.js]
[INFO] [react-redux-realworld-example-app] Extracting cached content payload context for artifact: [src/constants/actionTypes.js]
[INFO] [react-redux-realworld-example-app] Successfully tracked code profile mapping dictionary entry for artifact path: [src/constants/actionTypes.js]
[INFO] [react-redux-realworld-example-app] Extracting cached content payload context for artifact: [src/reducers/common.js]
[INFO] [react-redux-realworld-example-app] Successfully tracked code profile mapping dictionary entry for artifact path: [src/reducers/common.js]
[INFO] [react-redux-realworld-example-app] Extracting cached content payload context for artifact: [src/components/ProfileFavorites.js]
[INFO] [react-redux-realworld-example-app] Successfully tracked code profile mapping dictionary entry for artifact path: [src/components/ProfileFavorites.js]
[INFO] [react-redux-realworld-example-app] Extracting cached content payload context for artifact: [src/reducers/settings.js]
[INFO] [react-redux-realworld-example-app] Successfully tracked code profile mapping dictionary entry for artifact path: [src/reducers/settings.js]
[INFO] [react-redux-realworld-example-app] Extracting cached content payload context for artifact: [src/components/Home/Tags.js]
[INFO] [react-redux-realworld-example-app] Successfully tracked code profile mapping dictionary entry for artifact path: [src/components/Home/Tags.js]
[INFO] [react-redux-realworld-example-app] Extracting cached content payload context for artifact: [src/reducer.js]
[INFO] [react-redux-realworld-example-app] Successfully tracked code profile mapping dictionary entry for artifact path: [src/reducer.js]
[INFO] [react-redux-realworld-example-app] Extracting cached content payload context for artifact: [src/reducers/auth.js]
[INFO] [react-redux-realworld-example-app] Successfully tracked code profile mapping dictionary entry for artifact path: [src/reducers/auth.js]
[INFO] [react-redux-realworld-example-app] Extracting cached content payload context for artifact: [src/components/ArticleList.js]
[INFO] [react-redux-realworld-example-app] Successfully tracked code profile mapping dictionary entry for artifact path: [src/components/ArticleList.js]
[INFO] [react-redux-realworld-example-app] Extracting cached content payload context for artifact: [src/reducers/article.js]
[INFO] [react-redux-realworld-example-app] Successfully tracked code profile mapping dictionary entry for artifact path: [src/reducers/article.js]
[INFO] [react-redux-realworld-example-app] Extracting cached content payload context for artifact: [src/components/Settings.js]
[INFO] [react-redux-realworld-example-app] Successfully tracked code profile mapping dictionary entry for artifact path: [src/components/Settings.js]
[INFO] [react-redux-realworld-example-app] Extracting cached content payload context for artifact: [src/components/ListPagination.js]
[INFO] [react-redux-realworld-example-app] Successfully tracked code profile mapping dictionary entry for artifact path: [src/components/ListPagination.js]
[INFO] [react-redux-realworld-example-app] Extracting cached content payload context for artifact: [src/components/Register.js]
[INFO] [react-redux-realworld-example-app] Successfully tracked code profile mapping dictionary entry for artifact path: [src/components/Register.js]
[INFO] [react-redux-realworld-example-app] Extracting cached content payload context for artifact: [../constants/actionTypes]
[ERROR] [react-redux-realworld-example-app] Failed to acquire local content stream for asset reference [../constants/actionTypes]: File not found in zip.
[INFO] [react-redux-realworld-example-app] Extracting cached content payload context for artifact: [../agent]
[ERROR] [react-redux-realworld-example-app] Failed to acquire local content stream for asset reference [../agent]: File not found in zip.
[INFO] [react-redux-realworld-example-app] Extracting cached content payload context for artifact: [./ListErrors]
[ERROR] [react-redux-realworld-example-app] Failed to acquire local content stream for asset reference [./ListErrors]: File not found in zip.
[INFO] [react-redux-realworld-example-app] Extracting cached content payload context for artifact: [src/components/ListErrors.js]
[INFO] [react-redux-realworld-example-app] Successfully tracked code profile mapping dictionary entry for artifact path: [src/components/ListErrors.js]
[INFO] [react-redux-realworld-example-app] Extracting cached content payload context for artifact: [src/agent.js]
[INFO] [react-redux-realworld-example-app] Successfully tracked code profile mapping dictionary entry for artifact path: [src/agent.js]
[INFO] [react-redux-realworld-example-app] Extracting cached content payload context for artifact: [./ArticleMeta]
[ERROR] [react-redux-realworld-example-app] Failed to acquire local content stream for asset reference [./ArticleMeta]: File not found in zip.
[INFO] [react-redux-realworld-example-app] Extracting cached content payload context for artifact: [src/components/Article/CommentContainer.js]
[INFO] [react-redux-realworld-example-app] Successfully tracked code profile mapping dictionary entry for artifact path: [src/components/Article/CommentContainer.js]
[INFO] [react-redux-realworld-example-app] Extracting cached content payload context for artifact: [src/components/Article/Comment.js]
[INFO] [react-redux-realworld-example-app] Successfully tracked code profile mapping dictionary entry for artifact path: [src/components/Article/Comment.js]
[INFO] [react-redux-realworld-example-app] Extracting cached content payload context for artifact: [src/components/Home/Banner.js]
[INFO] [react-redux-realworld-example-app] Successfully tracked code profile mapping dictionary entry for artifact path: [src/components/Home/Banner.js]
[INFO] [react-redux-realworld-example-app] Extracting cached content payload context for artifact: [../../constants/actionTypes]
[ERROR] [react-redux-realworld-example-app] Failed to acquire local content stream for asset reference [../../constants/actionTypes]: File not found in zip.
[INFO] [react-redux-realworld-example-app] Extracting cached content payload context for artifact: [./CommentContainer]
[ERROR] [react-redux-realworld-example-app] Failed to acquire local content stream for asset reference [./CommentContainer]: File not found in zip.
[INFO] [react-redux-realworld-example-app] Extracting cached content payload context for artifact: [../../agent]
[ERROR] [react-redux-realworld-example-app] Failed to acquire local content stream for asset reference [../../agent]: File not found in zip.
[INFO] [react-redux-realworld-example-app] Extracting cached content payload context for artifact: [./ArticleActions]
[ERROR] [react-redux-realworld-example-app] Failed to acquire local content stream for asset reference [./ArticleActions]: File not found in zip.
[INFO] [react-redux-realworld-example-app] Extracting cached content payload context for artifact: [../ArticleList]
[ERROR] [react-redux-realworld-example-app] Failed to acquire local content stream for asset reference [../ArticleList]: File not found in zip.
[INFO] [react-redux-realworld-example-app] Extracting cached content payload context for artifact: [./Banner]
[ERROR] [react-redux-realworld-example-app] Failed to acquire local content stream for asset reference [./Banner]: File not found in zip.
[INFO] [react-redux-realworld-example-app] Extracting cached content payload context for artifact: [./Tags]
[ERROR] [react-redux-realworld-example-app] Failed to acquire local content stream for asset reference [./Tags]: File not found in zip.
[INFO] [react-redux-realworld-example-app] Extracting cached content payload context for artifact: [./MainView]
[ERROR] [react-redux-realworld-example-app] Failed to acquire local content stream for asset reference [./MainView]: File not found in zip.
[INFO] [react-redux-realworld-example-app] Extracting cached content payload context for artifact: [src/reducers/profile.js]
[INFO] [react-redux-realworld-example-app] Successfully tracked code profile mapping dictionary entry for artifact path: [src/reducers/profile.js]
[INFO] [react-redux-realworld-example-app] Extracting cached content payload context for artifact: [./ArticleList]
[ERROR] [react-redux-realworld-example-app] Failed to acquire local content stream for asset reference [./ArticleList]: File not found in zip.
[INFO] [react-redux-realworld-example-app] Extracting cached content payload context for artifact: [src/components/Login.js]
[INFO] [react-redux-realworld-example-app] Successfully tracked code profile mapping dictionary entry for artifact path: [src/components/Login.js]
[INFO] [react-redux-realworld-example-app] Extracting cached content payload context for artifact: [./Profile]
[ERROR] [react-redux-realworld-example-app] Failed to acquire local content stream for asset reference [./Profile]: File not found in zip.
[INFO] [react-redux-realworld-example-app] Extracting cached content payload context for artifact: [./reducers/profile]
[ERROR] [react-redux-realworld-example-app] Failed to acquire local content stream for asset reference [./reducers/profile]: File not found in zip.
[INFO] [react-redux-realworld-example-app] Extracting cached content payload context for artifact: [./reducers/editor]
[ERROR] [react-redux-realworld-example-app] Failed to acquire local content stream for asset reference [./reducers/editor]: File not found in zip.
[INFO] [react-redux-realworld-example-app] Extracting cached content payload context for artifact: [./reducers/auth]
[ERROR] [react-redux-realworld-example-app] Failed to acquire local content stream for asset reference [./reducers/auth]: File not found in zip.
[INFO] [react-redux-realworld-example-app] Extracting cached content payload context for artifact: [./reducers/home]
[ERROR] [react-redux-realworld-example-app] Failed to acquire local content stream for asset reference [./reducers/home]: File not found in zip.
[INFO] [react-redux-realworld-example-app] Extracting cached content payload context for artifact: [./reducers/article]
[ERROR] [react-redux-realworld-example-app] Failed to acquire local content stream for asset reference [./reducers/article]: File not found in zip.
[INFO] [react-redux-realworld-example-app] Extracting cached content payload context for artifact: [./reducers/common]
[ERROR] [react-redux-realworld-example-app] Failed to acquire local content stream for asset reference [./reducers/common]: File not found in zip.
[INFO] [react-redux-realworld-example-app] Extracting cached content payload context for artifact: [./reducers/articleList]
[ERROR] [react-redux-realworld-example-app] Failed to acquire local content stream for asset reference [./reducers/articleList]: File not found in zip.
[INFO] [react-redux-realworld-example-app] Extracting cached content payload context for artifact: [./reducers/settings]
[ERROR] [react-redux-realworld-example-app] Failed to acquire local content stream for asset reference [./reducers/settings]: File not found in zip.
[INFO] [react-redux-realworld-example-app] Extracting cached content payload context for artifact: [./ListPagination]
[ERROR] [react-redux-realworld-example-app] Failed to acquire local content stream for asset reference [./ListPagination]: File not found in zip.
[INFO] [react-redux-realworld-example-app] Extracting cached content payload context for artifact: [./ArticlePreview]
[ERROR] [react-redux-realworld-example-app] Failed to acquire local content stream for asset reference [./ArticlePreview]: File not found in zip.
[INFO] Successfully populated 29 objects into tracking matrix structure for repository 'react-redux-realworld-example-app'.
[INFO] Pacing boundaries active. Pausing operations for 20s to safeguard API Gateway pool context limits...
[INFO] --- [PHASE 2] Processing Repository: node-express-realworld-example-app (Branch: master) ---
[INFO] Phase 2 - Step 1 [node-express-realworld-example-app]: Sending request to AAVA Search Endpoint (Attempt 1/3)...
[INFO] [node-express-realworld-example-app] Successfully retrieved structural payload with 35 records from search.
[INFO] Phase 2 - Step 2 [node-express-realworld-example-app]: Evaluating structural records against similarity boundaries (>= 0.01)...
[INFO] [node-express-realworld-example-app] Accepted path [Similarity: 10.0299]: src/app/routes/article/article.service.ts
[INFO] [node-express-realworld-example-app] Accepted path [Similarity: 10.0145]: e2e/src/support/global-setup.ts
[INFO] [node-express-realworld-example-app] Accepted path [Similarity: 9.9982]: src/prisma/seed.ts
[INFO] [node-express-realworld-example-app] Accepted path [Similarity: 9.9908]: src/app/routes/article/article.controller.ts
[INFO] [node-express-realworld-example-app] Accepted path [Similarity: 9.9794]: src/prisma/migrations/20211001143221_implicit_tags/migration.sql
[INFO] [node-express-realworld-example-app] Accepted path [Similarity: 0.0289]: src/tests/services/article.service.test.ts
[INFO] [node-express-realworld-example-app] Accepted path [Similarity: 0.0254]: src/prisma/migrations/20210924225358_initial/migration.sql
[INFO] [node-express-realworld-example-app] Accepted path [Similarity: 0.0253]: Dockerfile
[INFO] [node-express-realworld-example-app] Accepted path [Similarity: 0.0248]: src/app/routes/routes.ts
[INFO] [node-express-realworld-example-app] Accepted path [Similarity: 0.0238]: jest.config.ts
[INFO] [node-express-realworld-example-app] Accepted path [Similarity: 0.0230]: src/app/routes/auth/user.model.ts
[INFO] [node-express-realworld-example-app] Accepted path [Similarity: 0.0226]: src/prisma/migrations/20211105153605_api_url/migration.sql
[INFO] [node-express-realworld-example-app] Accepted path [Similarity: 0.0223]: src/app/routes/article/article.mapper.ts
[INFO] [node-express-realworld-example-app] Accepted path [Similarity: 0.0221]: src/app/routes/tag/tag.service.ts
[INFO] [node-express-realworld-example-app] Accepted path [Similarity: 0.0221]: src/tests/services/auth.service.test.ts
[INFO] [node-express-realworld-example-app] Accepted path [Similarity: 0.0220]: e2e/jest.config.ts
[INFO] [node-express-realworld-example-app] Extracted 16 completely unique candidate filepath locations.
[INFO] Phase 2 - Step 3 [node-express-realworld-example-app]: Filtering paths matching targeting extension whitelist...
[INFO] [node-express-realworld-example-app] Retained path allocation target matching runtime criteria: [src/app/routes/article/article.service.ts]
[INFO] [node-express-realworld-example-app] Retained path allocation target matching runtime criteria: [e2e/src/support/global-setup.ts]
[INFO] [node-express-realworld-example-app] Retained path allocation target matching runtime criteria: [src/prisma/seed.ts]
[INFO] [node-express-realworld-example-app] Retained path allocation target matching runtime criteria: [src/app/routes/article/article.controller.ts]
[INFO] [node-express-realworld-example-app] Retained path allocation target matching runtime criteria: [src/tests/services/article.service.test.ts]
[INFO] [node-express-realworld-example-app] Retained path allocation target matching runtime criteria: [src/app/routes/routes.ts]
[INFO] [node-express-realworld-example-app] Retained path allocation target matching runtime criteria: [jest.config.ts]
[INFO] [node-express-realworld-example-app] Retained path allocation target matching runtime criteria: [src/app/routes/auth/user.model.ts]
[INFO] [node-express-realworld-example-app] Retained path allocation target matching runtime criteria: [src/app/routes/article/article.mapper.ts]
[INFO] [node-express-realworld-example-app] Retained path allocation target matching runtime criteria: [src/app/routes/tag/tag.service.ts]
[INFO] [node-express-realworld-example-app] Retained path allocation target matching runtime criteria: [src/tests/services/auth.service.test.ts]
[INFO] [node-express-realworld-example-app] Retained path allocation target matching runtime criteria: [e2e/jest.config.ts]
[INFO] Phase 2 - Step 3 Completed [node-express-realworld-example-app]: Consolidated 12 paths for source code payload downstream consumption.
[INFO] --- Phase 2 - Step 4 [Expansion]: Looking up dependencies for 'node-express-realworld-example-app' ---
[INFO] [node-express-realworld-example-app] Expanding [src/app/routes/article/article.service.ts] with 19 intra-repo dependencies.
[INFO] [node-express-realworld-example-app] Expanding [src/prisma/seed.ts] with 13 intra-repo dependencies.
[INFO] [node-express-realworld-example-app] Expanding [src/app/routes/article/article.controller.ts] with 8 intra-repo dependencies.
[INFO] [node-express-realworld-example-app] Expanding [src/tests/services/article.service.test.ts] with 11 intra-repo dependencies.
[INFO] [node-express-realworld-example-app] Expanding [src/app/routes/routes.ts] with 15 intra-repo dependencies.
[INFO] [node-express-realworld-example-app] Expanding [src/app/routes/auth/user.model.ts] with 8 intra-repo dependencies.
[INFO] [node-express-realworld-example-app] Expanding [src/app/routes/article/article.mapper.ts] with 6 intra-repo dependencies.
[INFO] [node-express-realworld-example-app] Expanding [src/app/routes/tag/tag.service.ts] with 9 intra-repo dependencies.
[INFO] [node-express-realworld-example-app] Expanding [src/tests/services/auth.service.test.ts] with 5 intra-repo dependencies.
[INFO] [node-express-realworld-example-app] Expanding [e2e/jest.config.ts] with 3 intra-repo dependencies.
[INFO] [node-express-realworld-example-app] Final expanded file count to fetch: 51 (Original Search matches: 12)
[INFO] Phase 2 - Step 5 [node-express-realworld-example-app]: Beginning local extraction of source file content payloads from memory zip cache...
[INFO] [node-express-realworld-example-app] Extracting cached content payload context for artifact: [src/app/routes/article/article.service.ts]
[INFO] [node-express-realworld-example-app] Successfully tracked code profile mapping dictionary entry for artifact path: [src/app/routes/article/article.service.ts]
[INFO] [node-express-realworld-example-app] Extracting cached content payload context for artifact: [e2e/src/support/global-setup.ts]
[INFO] [node-express-realworld-example-app] Successfully tracked code profile mapping dictionary entry for artifact path: [e2e/src/support/global-setup.ts]
[INFO] [node-express-realworld-example-app] Extracting cached content payload context for artifact: [src/prisma/seed.ts]
[INFO] [node-express-realworld-example-app] Successfully tracked code profile mapping dictionary entry for artifact path: [src/prisma/seed.ts]
[INFO] [node-express-realworld-example-app] Extracting cached content payload context for artifact: [src/app/routes/article/article.controller.ts]
[INFO] [node-express-realworld-example-app] Successfully tracked code profile mapping dictionary entry for artifact path: [src/app/routes/article/article.controller.ts]
[INFO] [node-express-realworld-example-app] Extracting cached content payload context for artifact: [src/tests/services/article.service.test.ts]
[INFO] [node-express-realworld-example-app] Successfully tracked code profile mapping dictionary entry for artifact path: [src/tests/services/article.service.test.ts]
[INFO] [node-express-realworld-example-app] Extracting cached content payload context for artifact: [src/app/routes/routes.ts]
[INFO] [node-express-realworld-example-app] Successfully tracked code profile mapping dictionary entry for artifact path: [src/app/routes/routes.ts]
[INFO] [node-express-realworld-example-app] Extracting cached content payload context for artifact: [jest.config.ts]
[INFO] [node-express-realworld-example-app] Successfully tracked code profile mapping dictionary entry for artifact path: [jest.config.ts]
[INFO] [node-express-realworld-example-app] Extracting cached content payload context for artifact: [src/app/routes/auth/user.model.ts]
[INFO] [node-express-realworld-example-app] Successfully tracked code profile mapping dictionary entry for artifact path: [src/app/routes/auth/user.model.ts]
[INFO] [node-express-realworld-example-app] Extracting cached content payload context for artifact: [src/app/routes/article/article.mapper.ts]
[INFO] [node-express-realworld-example-app] Successfully tracked code profile mapping dictionary entry for artifact path: [src/app/routes/article/article.mapper.ts]
[INFO] [node-express-realworld-example-app] Extracting cached content payload context for artifact: [src/app/routes/tag/tag.service.ts]
[INFO] [node-express-realworld-example-app] Successfully tracked code profile mapping dictionary entry for artifact path: [src/app/routes/tag/tag.service.ts]
[INFO] [node-express-realworld-example-app] Extracting cached content payload context for artifact: [src/tests/services/auth.service.test.ts]
[INFO] [node-express-realworld-example-app] Successfully tracked code profile mapping dictionary entry for artifact path: [src/tests/services/auth.service.test.ts]
[INFO] [node-express-realworld-example-app] Extracting cached content payload context for artifact: [e2e/jest.config.ts]
[INFO] [node-express-realworld-example-app] Successfully tracked code profile mapping dictionary entry for artifact path: [e2e/jest.config.ts]
[INFO] [node-express-realworld-example-app] Extracting cached content payload context for artifact: [src/app/routes/profile/profile.service.ts]
[INFO] [node-express-realworld-example-app] Successfully tracked code profile mapping dictionary entry for artifact path: [src/app/routes/profile/profile.service.ts]
[INFO] [node-express-realworld-example-app] Extracting cached content payload context for artifact: [src/app/routes/profile/profile.utils.ts]
[INFO] [node-express-realworld-example-app] Successfully tracked code profile mapping dictionary entry for artifact path: [src/app/routes/profile/profile.utils.ts]
[INFO] [node-express-realworld-example-app] Extracting cached content payload context for artifact: [./article.mapper]
[ERROR] [node-express-realworld-example-app] Failed to acquire local content stream for asset reference [./article.mapper]: File not found in zip.
[INFO] [node-express-realworld-example-app] Extracting cached content payload context for artifact: [src/app/routes/profile/profile.controller.ts]
[INFO] [node-express-realworld-example-app] Successfully tracked code profile mapping dictionary entry for artifact path: [src/app/routes/profile/profile.controller.ts]
[INFO] [node-express-realworld-example-app] Extracting cached content payload context for artifact: [../profile/profile.utils]
[ERROR] [node-express-realworld-example-app] Failed to acquire local content stream for asset reference [../profile/profile.utils]: File not found in zip.
[INFO] [node-express-realworld-example-app] Extracting cached content payload context for artifact: [src/tests/utils/profile.utils.test.ts]
[INFO] [node-express-realworld-example-app] Successfully tracked code profile mapping dictionary entry for artifact path: [src/tests/utils/profile.utils.test.ts]
[INFO] [node-express-realworld-example-app] Extracting cached content payload context for artifact: [src/app/routes/article/article.model.ts]
[INFO] [node-express-realworld-example-app] Successfully tracked code profile mapping dictionary entry for artifact path: [src/app/routes/article/article.model.ts]
[INFO] [node-express-realworld-example-app] Extracting cached content payload context for artifact: [../../models/http-exception.model]
[ERROR] [node-express-realworld-example-app] Failed to acquire local content stream for asset reference [../../models/http-exception.model]: File not found in zip.
[INFO] [node-express-realworld-example-app] Extracting cached content payload context for artifact: [src/app/routes/profile/profile.model.ts]
[INFO] [node-express-realworld-example-app] Successfully tracked code profile mapping dictionary entry for artifact path: [src/app/routes/profile/profile.model.ts]
[INFO] [node-express-realworld-example-app] Extracting cached content payload context for artifact: [src/app/routes/article/author.mapper.ts]
[INFO] [node-express-realworld-example-app] Successfully tracked code profile mapping dictionary entry for artifact path: [src/app/routes/article/author.mapper.ts]
[INFO] [node-express-realworld-example-app] Extracting cached content payload context for artifact: [src/app/models/http-exception.model.ts]
[INFO] [node-express-realworld-example-app] Successfully tracked code profile mapping dictionary entry for artifact path: [src/app/models/http-exception.model.ts]
[INFO] [node-express-realworld-example-app] Extracting cached content payload context for artifact: [src/app/routes/article/comment.model.ts]
[INFO] [node-express-realworld-example-app] Successfully tracked code profile mapping dictionary entry for artifact path: [src/app/routes/article/comment.model.ts]
[INFO] [node-express-realworld-example-app] Extracting cached content payload context for artifact: [../../../prisma/prisma-client]
[ERROR] [node-express-realworld-example-app] Failed to acquire local content stream for asset reference [../../../prisma/prisma-client]: File not found in zip.
[INFO] [node-express-realworld-example-app] Extracting cached content payload context for artifact: [src/prisma/prisma-client.ts]
[INFO] [node-express-realworld-example-app] Successfully tracked code profile mapping dictionary entry for artifact path: [src/prisma/prisma-client.ts]
[INFO] [node-express-realworld-example-app] Extracting cached content payload context for artifact: [src/tests/services/profile.service.test.ts]
[INFO] [node-express-realworld-example-app] Successfully tracked code profile mapping dictionary entry for artifact path: [src/tests/services/profile.service.test.ts]
[INFO] [node-express-realworld-example-app] Extracting cached content payload context for artifact: [../tag/tag.model]
[ERROR] [node-express-realworld-example-app] Failed to acquire local content stream for asset reference [../tag/tag.model]: File not found in zip.
[INFO] [node-express-realworld-example-app] Extracting cached content payload context for artifact: [@prisma/client]
[ERROR] [node-express-realworld-example-app] Failed to acquire local content stream for asset reference [@prisma/client]: File not found in zip.
[INFO] [node-express-realworld-example-app] Extracting cached content payload context for artifact: [../app/routes/article/article.service]
[ERROR] [node-express-realworld-example-app] Failed to acquire local content stream for asset reference [../app/routes/article/article.service]: File not found in zip.
[INFO] [node-express-realworld-example-app] Extracting cached content payload context for artifact: [src/app/routes/auth/registered-user.model.ts]
[INFO] [node-express-realworld-example-app] Successfully tracked code profile mapping dictionary entry for artifact path: [src/app/routes/auth/registered-user.model.ts]
[INFO] [node-express-realworld-example-app] Extracting cached content payload context for artifact: [../app/routes/auth/registered-user.model]
[ERROR] [node-express-realworld-example-app] Failed to acquire local content stream for asset reference [../app/routes/auth/registered-user.model]: File not found in zip.
[INFO] [node-express-realworld-example-app] Extracting cached content payload context for artifact: [@ngneat/falso]
[ERROR] [node-express-realworld-example-app] Failed to acquire local content stream for asset reference [@ngneat/falso]: File not found in zip.
[INFO] [node-express-realworld-example-app] Extracting cached content payload context for artifact: [../app/routes/auth/auth.service]
[ERROR] [node-express-realworld-example-app] Failed to acquire local content stream for asset reference [../app/routes/auth/auth.service]: File not found in zip.
[INFO] [node-express-realworld-example-app] Extracting cached content payload context for artifact: [./article.service]
[ERROR] [node-express-realworld-example-app] Failed to acquire local content stream for asset reference [./article.service]: File not found in zip.
[INFO] [node-express-realworld-example-app] Extracting cached content payload context for artifact: [../auth/auth]
[ERROR] [node-express-realworld-example-app] Failed to acquire local content stream for asset reference [../auth/auth]: File not found in zip.
[INFO] [node-express-realworld-example-app] Extracting cached content payload context for artifact: [../prisma-mock]
[ERROR] [node-express-realworld-example-app] Failed to acquire local content stream for asset reference [../prisma-mock]: File not found in zip.
[INFO] [node-express-realworld-example-app] Extracting cached content payload context for artifact: [src/app/routes/auth/token.utils.ts]
[INFO] [node-express-realworld-example-app] Successfully tracked code profile mapping dictionary entry for artifact path: [src/app/routes/auth/token.utils.ts]
[INFO] [node-express-realworld-example-app] Extracting cached content payload context for artifact: [../../app/routes/article/article.service]
[ERROR] [node-express-realworld-example-app] Failed to acquire local content stream for asset reference [../../app/routes/article/article.service]: File not found in zip.
[INFO] [node-express-realworld-example-app] Extracting cached content payload context for artifact: [src/tests/prisma-mock.ts]
[INFO] [node-express-realworld-example-app] Successfully tracked code profile mapping dictionary entry for artifact path: [src/tests/prisma-mock.ts]
[INFO] [node-express-realworld-example-app] Extracting cached content payload context for artifact: [./auth/auth.controller]
[ERROR] [node-express-realworld-example-app] Failed to acquire local content stream for asset reference [./auth/auth.controller]: File not found in zip.
[INFO] [node-express-realworld-example-app] Extracting cached content payload context for artifact: [./profile/profile.controller]
[ERROR] [node-express-realworld-example-app] Failed to acquire local content stream for asset reference [./profile/profile.controller]: File not found in zip.
[INFO] [node-express-realworld-example-app] Extracting cached content payload context for artifact: [./article/article.controller]
[ERROR] [node-express-realworld-example-app] Failed to acquire local content stream for asset reference [./article/article.controller]: File not found in zip.
[INFO] [node-express-realworld-example-app] Extracting cached content payload context for artifact: [./tag/tag.controller]
[ERROR] [node-express-realworld-example-app] Failed to acquire local content stream for asset reference [./tag/tag.controller]: File not found in zip.
[INFO] [node-express-realworld-example-app] Extracting cached content payload context for artifact: [../article/article.model]
[ERROR] [node-express-realworld-example-app] Failed to acquire local content stream for asset reference [../article/article.model]: File not found in zip.
[INFO] [node-express-realworld-example-app] Extracting cached content payload context for artifact: [../article/comment.model]
[ERROR] [node-express-realworld-example-app] Failed to acquire local content stream for asset reference [../article/comment.model]: File not found in zip.
[INFO] [node-express-realworld-example-app] Extracting cached content payload context for artifact: [./author.mapper]
[ERROR] [node-express-realworld-example-app] Failed to acquire local content stream for asset reference [./author.mapper]: File not found in zip.
[INFO] [node-express-realworld-example-app] Extracting cached content payload context for artifact: [./tag.model]
[ERROR] [node-express-realworld-example-app] Failed to acquire local content stream for asset reference [./tag.model]: File not found in zip.
[INFO] [node-express-realworld-example-app] Extracting cached content payload context for artifact: [../../app/routes/auth/auth.service]
[ERROR] [node-express-realworld-example-app] Failed to acquire local content stream for asset reference [../../app/routes/auth/auth.service]: File not found in zip.
[INFO] [node-express-realworld-example-app] Extracting cached content payload context for artifact: [e2e/src/support/global-teardown.ts]
[INFO] [node-express-realworld-example-app] Successfully tracked code profile mapping dictionary entry for artifact path: [e2e/src/support/global-teardown.ts]
[INFO] [node-express-realworld-example-app] Extracting cached content payload context for artifact: [e2e/src/support/test-setup.ts]
[INFO] [node-express-realworld-example-app] Successfully tracked code profile mapping dictionary entry for artifact path: [e2e/src/support/test-setup.ts]
[INFO] Successfully populated 28 objects into tracking matrix structure for repository 'node-express-realworld-example-app'.
[INFO] 
================ PHASE 3: HIGH LEVEL RCA AGENT (PHASE-3) FILTERING ================
[INFO] --- Starting Chunking Process for Phase-3 Agent ---
[INFO] Chunking complete. Created 1 independent code payload chunks.
[INFO] [Phase-3 Thread 1] Zipping payload and triggering Workflow 18914 (Max 2 Iterations)...
[INFO] [Phase-3 Thread 1] --- Starting Iteration 1 ---
[INFO] [Phase-3 Thread 1] Triggered successfully! Execution ID: 3a80e28b-3340-4d47-b414-c655acc61acc. Starting poll...
[INFO] [Phase-3 Thread 1] Workflow SUCCESS! Parsing JSON output...
[INFO] [Phase-3 Thread 1] Iteration 1 parsed. Review Score: 45. Impacted files Count: 7
[WARNING] [Phase-3 Thread 1] Compliance failed (45 < 90). Feeding back to Agent...
[INFO] [Phase-3 Thread 1] --- Starting Iteration 2 ---
[INFO] [Phase-3 Thread 1] Triggered successfully! Execution ID: 00832e79-3ae4-4b5b-b95f-5ac092e04e8b. Starting poll...
[INFO] [Phase-3 Thread 1] Workflow SUCCESS! Parsing JSON output...
[INFO] [Phase-3 Thread 1] Iteration 2 parsed. Review Score: 92. Impacted files Count: 12
[INFO] [Phase-3 Thread 1] More than 90% compliance reached on iteration 2. Exiting loop.
[INFO] [Phase-3] Thread 1 completed. Extracted 12 surviving paths with scores.
[INFO] Phase-3 Complete! Total completely unique surviving paths across all chunks: 12
[INFO] ================ APPLYING BM25 RANKING (Top 50, Trim: False) ================
[INFO] BM25 query: Implement a Draft feature for articles. Users should be able to save articles as drafts without publishing them.

The API needs a new database field to support this state, and the frontend needs a 'Save as Draft' button on the editor page.
[INFO] [react-redux-realworld-example-app] Preparing 8 files for BM25 scoring.
[INFO] [node-express-realworld-example-app] Preparing 4 files for BM25 scoring.
[INFO] BM25 corpus size: 12
[INFO] BM25 query tokens: ['implement', 'a', 'draft', 'feature', 'for', 'articles', 'users', 'should', 'be', 'able', 'to', 'save', 'articles', 'as', 'drafts', 'without', 'publishing', 'them', 'the', 'api', 'needs', 'a', 'new', 'database', 'field', 'to', 'support', 'this', 'state', 'and', 'the', 'frontend', 'needs', 'a', 'save', 'as', 'draft', 'button', 'on', 'the', 'editor', 'page']
[INFO] BM25 average document length: 324.33
[INFO] [BM25] Score: 23.8200 | Repo: node-express-realworld-example-app | File: src/app/routes/article/article.controller.ts
[INFO] [BM25] Relevance Score: 95 | Repo: node-express-realworld-example-app | File: src/app/routes/article/article.controller.ts
[INFO] [BM25] Score: 16.6669 | Repo: react-redux-realworld-example-app | File: src/components/Profile.js
[INFO] [BM25] Relevance Score: 84 | Repo: react-redux-realworld-example-app | File: src/components/Profile.js
[INFO] [BM25] Score: 13.8359 | Repo: node-express-realworld-example-app | File: src/app/routes/article/article.service.ts
[INFO] [BM25] Relevance Score: 100 | Repo: node-express-realworld-example-app | File: src/app/routes/article/article.service.ts
[INFO] [BM25] Score: 13.5485 | Repo: react-redux-realworld-example-app | File: src/agent.js
[INFO] [BM25] Relevance Score: 94 | Repo: react-redux-realworld-example-app | File: src/agent.js
[INFO] [BM25] Score: 13.1836 | Repo: react-redux-realworld-example-app | File: src/components/Home/MainView.js
[INFO] [BM25] Relevance Score: 82 | Repo: react-redux-realworld-example-app | File: src/components/Home/MainView.js
[INFO] [BM25] Score: 11.3356 | Repo: react-redux-realworld-example-app | File: src/components/Editor.js
[INFO] [BM25] Relevance Score: 99 | Repo: react-redux-realworld-example-app | File: src/components/Editor.js
[INFO] [BM25] Score: 5.8061 | Repo: react-redux-realworld-example-app | File: src/components/Article/index.js
[INFO] [BM25] Relevance Score: 78 | Repo: react-redux-realworld-example-app | File: src/components/Article/index.js
[INFO] [BM25] Score: 4.2857 | Repo: react-redux-realworld-example-app | File: src/reducers/articleList.js
[INFO] [BM25] Relevance Score: 80 | Repo: react-redux-realworld-example-app | File: src/reducers/articleList.js
[INFO] [BM25] Score: 3.5672 | Repo: react-redux-realworld-example-app | File: src/reducers/editor.js
[INFO] [BM25] Relevance Score: 90 | Repo: react-redux-realworld-example-app | File: src/reducers/editor.js
[INFO] [BM25] Score: 1.2698 | Repo: react-redux-realworld-example-app | File: src/reducers/common.js
[INFO] [BM25] Relevance Score: 72 | Repo: react-redux-realworld-example-app | File: src/reducers/common.js
[INFO] [BM25] Dropped zero-score file: repo=node-express-realworld-example-app path=src/app/routes/article/article.mapper.ts
[INFO] [BM25] Dropped zero-score file: repo=node-express-realworld-example-app path=src/app/routes/article/article.model.ts
[INFO] BM25 Ranking complete. Retained top 10 files out of 12.
[INFO] SUCCESS: Exported filtered impact components configuration (with BM25) to: C:\Users\sushree.pradhan\OneDrive - ascendion\AAVA\code gen\rca\v16\filtered_multi_repo_code_impact_code_bm25.json
[INFO] 
--- Phase 4: Triggering Deep Level RCA at 50000 tokens (Horizontal Iter: 0) ---
[INFO] ================ Phase 4, Step 1: Re Organization (Target: 50000 tokens) ================
[INFO] Phase 4 Complete. Selected 10 files out of 10 total available across 2 repositories.
[INFO] ================ Phase 4, Step 2: DEEP LEVEL WF CALL (Workflow: 18926) ================
[INFO] [Phase-4] Triggered successfully! Execution ID: 5f612b86-cbdc-4da5-8d0e-73b9e7827d33. Starting poll...
[INFO] [Phase-4] Workflow SUCCESS! Parsing JSON output...
[WARNING] Review Score (40 <= 90) and MISSING FILE indicated. Expanding token knapsack (Vertical).
[INFO] Rubric Scorecard: RUBRIC EVALUATION:

FC-01: Requirement Fulfillment (-25 points): FAIL - The requirement states 'The API needs a new database field to support this state'. The Main Agent modified the service layer to accept and use a 'published' field, but there is NO database migration file or Prisma schema modification included in the code changes. The database model (Article schema in Prisma) is completely missing from the payload and was not modified. Without the actual database field being added to the schema, this feature cannot work. The backend code references 'article.published' and 'article.authorId' which do not exist in the current schema.

FC-02: Syntax Correctness (0 points): PASS - The TypeScript and JavaScript syntax in all modified files is valid.

OP-01: MODIFY Context (0 points): PASS - The existing_code snippets match the original source files exactly.

OP-02: DEL Safety (0 points): N/A - No DELETE operations were performed.

OP-03: ADD Isolation (0 points): N/A - No ADD operations were performed.

CQ-01: Error Handling (0 points): PASS - The database queries already have error handling through the try-catch blocks in the controller layer, and the service layer throws HttpException appropriately.

CQ-02: Logging Standards (0 points): PASS - The codebase does not appear to use extensive logging, and the changes are consistent with existing patterns.

CQ-03: Naming Conventions (0 points): PASS - Variable and function names follow existing conventions (camelCase for JavaScript/TypeScript).

SE-01: No Hardcoded Secrets (0 points): PASS - No hardcoded secrets were introduced.

SE-02: Input Validation (0 points): PASS - The 'published' parameter is validated with 'typeof published === "boolean"' checks before use.

TOTAL DEDUCTIONS: -25 points
[INFO] Review Feedback: CRITICAL MISSING FILE: The Prisma schema file (likely prisma/schema.prisma) is REQUIRED but missing from the payload. The requirement explicitly states 'The API needs a new database field to support this state', but no database schema modification or migration file was provided. The backend code references 'article.published' and 'article.authorId' fields that do not exist in the current database schema. Without adding a 'published Boolean @default(true)' field to the Article model in the Prisma schema and running a migration, this feature will fail at runtime with database errors. The Main Agent must provide the Prisma schema file with the Article model updated to include the 'published' field, and ideally a migration file showing how to add this field to existing databases. Additionally, the frontend changes are incomplete - the agent.js file shows no actual changes (existing_code and new_code are identical), which means the 'published' parameter won't actually be sent to the API. The Editor.js correctly adds the 'Save as Draft' button and modifies submitForm to accept a published parameter, but without the API client changes and database schema, the feature is non-functional.
[WARNING] Cannot expand chunking (all files included), but doing one horizontal retry.
[INFO] 
--- Phase 4: Triggering Deep Level RCA at 50000 tokens (Horizontal Iter: 1) ---
[INFO] ================ Phase 4, Step 1: Re Organization (Target: 50000 tokens) ================
[INFO] Phase 4 Complete. Selected 10 files out of 10 total available across 2 repositories.
[INFO] ================ Phase 4, Step 2: DEEP LEVEL WF CALL (Workflow: 18926) ================
[INFO] [Phase-4] Triggered successfully! Execution ID: 15a2a648-d681-4e4a-834b-3d17c1ba3813. Starting poll...
[INFO] [Phase-4] Workflow SUCCESS! Parsing JSON output...
[WARNING] Review Score (35 <= 90) and MISSING FILE indicated. Expanding token knapsack (Vertical).
[INFO] Rubric Scorecard: RUBRIC EVALUATION:

FC-01 (Requirement Fulfillment): FAIL - The requirement explicitly states 'The API needs a new database field to support this state' but NO database schema file (prisma/schema.prisma) or migration file was provided. The backend code references 'article.published' and 'article.authorId' fields that do not exist in the current database schema without the schema modification. This will cause runtime database errors. Penalty: -25 Points

FC-02 (Syntax Correctness): PASS - The TypeScript and JavaScript syntax in all three files is valid. No syntax errors detected. Penalty: 0 Points

OP-01 (MODIFY Context): PASS - The existing_code in all three MODIFY operations exactly matches the original source files from the payload. Verified for article.service.ts, agent.js, and Editor.js. Penalty: 0 Points

OP-02 (DEL Safety): N/A - No DELETE operations present in the code_changes. Penalty: 0 Points

OP-03 (ADD Isolation): N/A - No ADD operations present in the code_changes. Penalty: 0 Points

CQ-01 (Error Handling): PASS - All database queries in article.service.ts are already wrapped in try-catch blocks at the controller level (article.controller.ts). The new 'published' field logic does not introduce new network/DB calls requiring additional error handling. Penalty: 0 Points

CQ-02 (Logging Standards): PASS - The new draft logic is straightforward conditional logic that does not require additional logging beyond existing patterns. Penalty: 0 Points

CQ-03 (Naming Conventions): PASS - The 'published' variable follows existing camelCase conventions in both TypeScript and JavaScript files. Penalty: 0 Points

SE-01 (No Hardcoded Secrets): PASS - No hardcoded passwords or API keys introduced. Penalty: 0 Points

SE-02 (Input Validation): PASS - The 'published' parameter is validated with 'typeof published === boolean' checks in both createArticle and updateArticle functions, with safe defaults. Penalty: 0 Points

ADDITIONAL CRITICAL ISSUE - Frontend Integration Incomplete: The agent.js file shows NO actual changes (existing_code and new_code are identical). This means the 'published' parameter added in Editor.js will NOT be transmitted to the API, breaking the entire feature flow. This is a functional completeness failure but already covered under FC-01.

TOTAL PENALTY: -25 Points
[INFO] Review Feedback: CRITICAL BLOCKING ISSUES:

1. MISSING DATABASE SCHEMA FILE (BLOCKING): The requirement explicitly states 'The API needs a new database field to support this state.' The Prisma schema file (prisma/schema.prisma) is REQUIRED but completely missing from the code_changes. Without adding a 'published Boolean @default(true)' field to the Article model in the Prisma schema, the backend code will fail at runtime with database errors when trying to access 'article.published' or 'article.authorId'. You MUST provide:
   - prisma/schema.prisma with the Article model updated to include: published Boolean @default(true)
   - Ideally, a Prisma migration file showing how to add this field to existing databases

2. FRONTEND API CLIENT NOT UPDATED (CRITICAL): The agent.js file modification shows NO actual changes - the existing_code and new_code are IDENTICAL. This means the 'published' parameter that Editor.js now includes in the article object will NOT be sent to the backend API. The omitSlug function and Articles.create/update methods need no changes because they already pass through all article properties, but you must verify the 'published' field is actually being transmitted.

3. INCOMPLETE FEATURE COVERAGE: The code only handles creating and updating articles with draft status, but does NOT provide:
   - A way for users to view their own draft articles (needs a new API endpoint or query parameter)
   - UI to distinguish draft vs published articles in article lists
   - Ability to publish a draft article (convert published: false to published: true)

REQUIRED FIXES:
1. Add prisma/schema.prisma file with Article model containing 'published Boolean @default(true)' field
2. Add a Prisma migration file to add the published column to existing databases
3. Verify agent.js actually transmits the 'published' field (current code appears correct but shows no diff)
4. Consider adding a getDraftArticles endpoint or modifying getArticles to support a 'drafts' query parameter for authors to view their drafts
5. Add UI indicators in article lists to show draft status

The feature cannot function without the database schema changes. This is a blocking issue that will cause runtime failures.
[WARNING] Cannot expand chunking; all files are already included and max horizontal retries reached! Exiting loop.
[INFO] Final Deep Level RCA Report exported to: C:\Users\sushree.pradhan\OneDrive - ascendion\AAVA\code gen\rca\v16\final_deep_rca_report.json
[INFO] ================ PHASE 5: AUTO-PATCHING & ARTIFACT UPLOAD ================
[INFO] --- Phase 5 - Step 1: Automated GitHub Patching ---
[INFO] --- [Phase 5] Processing Repository: react-redux-realworld-example-app ---
[INFO] Created blob for file: src/agent.js
[INFO] Created blob for file: src/components/Editor.js
